2_intent1/build/intermediates/manifest_merge_blame_file/debug/manifest-merger-blame-debug-report.txt
1<?xml version="1.0" encoding="utf-8"?>
2<manifest xmlns:android="http://schemas.android.com/apk/res/android"
3    package="no.uit.dt.intent1"
4    android:versionCode="1"
5    android:versionName="1.0" >
6
7    <uses-sdk
8        android:minSdkVersion="24"
8-->src\main\AndroidManifest.xml
9        android:targetSdkVersion="30" />
9-->src\main\AndroidManifest.xml
10
11    <uses-permission android:name="android.permission.CALL_PHONE" />
11-->src\main\AndroidManifest.xml:5:5-69
11-->src\main\AndroidManifest.xml:5:22-66
12    <uses-permission android:name="com.android.alarm.permission.SET_ALARM" />
12-->src\main\AndroidManifest.xml:6:5-78
12-->src\main\AndroidManifest.xml:6:22-75
13
14    <application
14-->src\main\AndroidManifest.xml:8:5-54:19
15        android:allowBackup="true"
15-->src\main\AndroidManifest.xml:9:9-35
16        android:appComponentFactory="androidx.core.app.CoreComponentFactory"
16-->[androidx.core:core:1.3.0] AndroidManifest.xml:24:18-86
17        android:debuggable="true"
18        android:extractNativeLibs="false"
19        android:icon="@mipmap/ic_launcher"
19-->src\main\AndroidManifest.xml:10:9-43
20        android:label="@string/app_name"
20-->src\main\AndroidManifest.xml:11:9-41
21        android:roundIcon="@mipmap/ic_launcher_round"
21-->src\main\AndroidManifest.xml:12:9-54
22        android:supportsRtl="true"
22-->src\main\AndroidManifest.xml:13:9-35
23        android:theme="@style/AppTheme" >
23-->src\main\AndroidManifest.xml:14:9-40
24        <activity
24-->src\main\AndroidManifest.xml:17:9-24:20
25            android:name="no.uit.dt.intent1.MainActivity"
25-->src\main\AndroidManifest.xml:18:13-58
26            android:label="@string/app_name" >
26-->src\main\AndroidManifest.xml:19:13-45
27            <intent-filter>
27-->src\main\AndroidManifest.xml:20:13-23:29
28                <action android:name="android.intent.action.MAIN" />
28-->src\main\AndroidManifest.xml:21:17-69
28-->src\main\AndroidManifest.xml:21:25-66
29
30                <category android:name="android.intent.category.LAUNCHER" />
30-->src\main\AndroidManifest.xml:22:17-77
30-->src\main\AndroidManifest.xml:22:27-74
31            </intent-filter>
32        </activity>
33        <activity
33-->src\main\AndroidManifest.xml:26:9-35:20
34            android:name="no.uit.dt.intent1.MyOtherActivity"
34-->src\main\AndroidManifest.xml:27:13-61
35            android:label="@string/app_name"
35-->src\main\AndroidManifest.xml:30:13-45
36            android:parentActivityName="no.uit.dt.intent1.MainActivity"
36-->src\main\AndroidManifest.xml:28:13-55
37            android:theme="@style/AppTheme" >
37-->src\main\AndroidManifest.xml:29:13-44
38
39            <!-- The meta-data element is needed for versions lower than 4.1 -->
40            <meta-data
40-->src\main\AndroidManifest.xml:32:13-34:49
41                android:name="android.support.PARENT_ACTIVITY"
41-->src\main\AndroidManifest.xml:33:17-63
42                android:value=".MainActivity" />
42-->src\main\AndroidManifest.xml:34:17-46
43        </activity>
44        <activity
44-->src\main\AndroidManifest.xml:37:9-52:20
45            android:name="no.uit.dt.intent1.MyImplicitActivity"
45-->src\main\AndroidManifest.xml:38:13-64
46            android:label="@string/app_name"
46-->src\main\AndroidManifest.xml:41:13-45
47            android:parentActivityName="no.uit.dt.intent1.MainActivity"
47-->src\main\AndroidManifest.xml:39:13-55
48            android:theme="@style/AppTheme" >
48-->src\main\AndroidManifest.xml:40:13-44
49
50            <!-- The meta-data element is needed for versions lower than 4.1 -->
51            <meta-data
51-->src\main\AndroidManifest.xml:32:13-34:49
52                android:name="android.support.PARENT_ACTIVITY"
52-->src\main\AndroidManifest.xml:33:17-63
53                android:value=".MainActivity" />
53-->src\main\AndroidManifest.xml:34:17-46
54
55            <intent-filter>
55-->src\main\AndroidManifest.xml:47:13-51:29
56                <action android:name="dt.uit.no.IMPLISITT_AKTIVITET_ACTION" />
56-->src\main\AndroidManifest.xml:48:17-79
56-->src\main\AndroidManifest.xml:48:25-76
57
58                <category android:name="android.intent.category.DEFAULT" />
58-->src\main\AndroidManifest.xml:49:17-76
58-->src\main\AndroidManifest.xml:49:27-73
59                <category android:name="android.intent.category.ALTERNATIVE" />
59-->src\main\AndroidManifest.xml:50:17-80
59-->src\main\AndroidManifest.xml:50:27-77
60            </intent-filter>
61        </activity>
62    </application>
63
64</manifest>